This is pdfTeX, Version 3.14159265-2.6-1.40.17 (TeX Live 2016) (preloaded format=pdflatex 2016.5.22)  4 MAY 2017 20:22
entering extended mode
 restricted \write18 enabled.
 file:line:error style messages enabled.
 %&-line parsing enabled.
**main
(./main.tex
LaTeX2e <2016/03/31>
Babel <3.9r> and hyphenation patterns for 83 language(s) loaded.
(/usr/local/texlive/2016/texmf-dist/tex/latex/base/article.cls
Document Class: article 2014/09/29 v1.4h Standard LaTeX document class
(/usr/local/texlive/2016/texmf-dist/tex/latex/base/size12.clo
File: size12.clo 2014/09/29 v1.4h Standard LaTeX file (size option)
)
\c@part=\count79
\c@section=\count80
\c@subsection=\count81
\c@subsubsection=\count82
\c@paragraph=\count83
\c@subparagraph=\count84
\c@figure=\count85
\c@table=\count86
\abovecaptionskip=\skip41
\belowcaptionskip=\skip42
\bibindent=\dimen102
)
(/usr/local/texlive/2016/texmf-dist/tex/latex/geometry/geometry.sty
Package: geometry 2010/09/12 v5.6 Page Geometry

(/usr/local/texlive/2016/texmf-dist/tex/latex/graphics/keyval.sty
Package: keyval 2014/10/28 v1.15 key=value parser (DPC)
\KV@toks@=\toks14
)
(/usr/local/texlive/2016/texmf-dist/tex/generic/oberdiek/ifpdf.sty
Package: ifpdf 2016/05/14 v3.1 Provides the ifpdf switch
)
(/usr/local/texlive/2016/texmf-dist/tex/generic/oberdiek/ifvtex.sty
Package: ifvtex 2016/05/16 v1.6 Detect VTeX and its facilities (HO)
Package ifvtex Info: VTeX not detected.
)
(/usr/local/texlive/2016/texmf-dist/tex/generic/ifxetex/ifxetex.sty
Package: ifxetex 2010/09/12 v0.6 Provides ifxetex conditional
)
\Gm@cnth=\count87
\Gm@cntv=\count88
\c@Gm@tempcnt=\count89
\Gm@bindingoffset=\dimen103
\Gm@wd@mp=\dimen104
\Gm@odd@mp=\dimen105
\Gm@even@mp=\dimen106
\Gm@layoutwidth=\dimen107
\Gm@layoutheight=\dimen108
\Gm@layouthoffset=\dimen109
\Gm@layoutvoffset=\dimen110
\Gm@dimlist=\toks15
)
(/usr/local/texlive/2016/texmf-dist/tex/latex/fancyhdr/fancyhdr.sty
\fancy@headwidth=\skip43
\f@ncyO@elh=\skip44
\f@ncyO@erh=\skip45
\f@ncyO@olh=\skip46
\f@ncyO@orh=\skip47
\f@ncyO@elf=\skip48
\f@ncyO@erf=\skip49
\f@ncyO@olf=\skip50
\f@ncyO@orf=\skip51
)
(/usr/local/texlive/2016/texmf-dist/tex/generic/babel/babel.sty
Package: babel 2016/04/23 3.9r The Babel package

(/usr/local/texlive/2016/texmf-dist/tex/generic/babel-english/english.ldf
Language: english 2012/08/20 v3.3p English support from the babel system

(/usr/local/texlive/2016/texmf-dist/tex/generic/babel/babel.def
File: babel.def 2016/04/23 3.9r Babel common definitions
\babel@savecnt=\count90
\U@D=\dimen111
)
\l@canadian = a dialect from \language\l@american 
\l@australian = a dialect from \language\l@british 
\l@newzealand = a dialect from \language\l@british 
))
(/usr/local/texlive/2016/texmf-dist/tex/latex/xcolor/xcolor.sty
Package: xcolor 2016/05/11 v2.12 LaTeX color extensions (UK)

(/usr/local/texlive/2016/texmf-dist/tex/latex/graphics-cfg/color.cfg
File: color.cfg 2016/01/02 v1.6 sample color configuration
)
Package xcolor Info: Driver file: pdftex.def on input line 225.

(/usr/local/texlive/2016/texmf-dist/tex/latex/pdftex-def/pdftex.def
File: pdftex.def 2011/05/27 v0.06d Graphics/color for pdfTeX

(/usr/local/texlive/2016/texmf-dist/tex/generic/oberdiek/infwarerr.sty
Package: infwarerr 2016/05/16 v1.4 Providing info/warning/error messages (HO)
)
(/usr/local/texlive/2016/texmf-dist/tex/generic/oberdiek/ltxcmds.sty
Package: ltxcmds 2016/05/16 v1.23 LaTeX kernel commands for general use (HO)
)
\Gread@gobject=\count91
)
Package xcolor Info: Model `cmy' substituted by `cmy0' on input line 1348.
Package xcolor Info: Model `hsb' substituted by `rgb' on input line 1352.
Package xcolor Info: Model `RGB' extended on input line 1364.
Package xcolor Info: Model `HTML' substituted by `rgb' on input line 1366.
Package xcolor Info: Model `Hsb' substituted by `hsb' on input line 1367.
Package xcolor Info: Model `tHsb' substituted by `hsb' on input line 1368.
Package xcolor Info: Model `HSB' substituted by `hsb' on input line 1369.
Package xcolor Info: Model `Gray' substituted by `gray' on input line 1370.
Package xcolor Info: Model `wave' substituted by `hsb' on input line 1371.
)
(/usr/local/texlive/2016/texmf-dist/tex/latex/base/inputenc.sty
Package: inputenc 2015/03/17 v1.2c Input encoding file
\inpenc@prehook=\toks16
\inpenc@posthook=\toks17

(/usr/local/texlive/2016/texmf-dist/tex/latex/base/utf8.def
File: utf8.def 2016/02/28 v1.1s UTF-8 support for inputenc
Now handling font encoding OML ...
... no UTF-8 mapping file for font encoding OML
Now handling font encoding T1 ...
... processing UTF-8 mapping file for font encoding T1

(/usr/local/texlive/2016/texmf-dist/tex/latex/base/t1enc.dfu
File: t1enc.dfu 2016/02/28 v1.1s UTF-8 support for inputenc
   defining Unicode char U+00A0 (decimal 160)
   defining Unicode char U+00A1 (decimal 161)
   defining Unicode char U+00A3 (decimal 163)
   defining Unicode char U+00AB (decimal 171)
   defining Unicode char U+00AD (decimal 173)
   defining Unicode char U+00BB (decimal 187)
   defining Unicode char U+00BF (decimal 191)
   defining Unicode char U+00C0 (decimal 192)
   defining Unicode char U+00C1 (decimal 193)
   defining Unicode char U+00C2 (decimal 194)
   defining Unicode char U+00C3 (decimal 195)
   defining Unicode char U+00C4 (decimal 196)
   defining Unicode char U+00C5 (decimal 197)
   defining Unicode char U+00C6 (decimal 198)
   defining Unicode char U+00C7 (decimal 199)
   defining Unicode char U+00C8 (decimal 200)
   defining Unicode char U+00C9 (decimal 201)
   defining Unicode char U+00CA (decimal 202)
   defining Unicode char U+00CB (decimal 203)
   defining Unicode char U+00CC (decimal 204)
   defining Unicode char U+00CD (decimal 205)
   defining Unicode char U+00CE (decimal 206)
   defining Unicode char U+00CF (decimal 207)
   defining Unicode char U+00D0 (decimal 208)
   defining Unicode char U+00D1 (decimal 209)
   defining Unicode char U+00D2 (decimal 210)
   defining Unicode char U+00D3 (decimal 211)
   defining Unicode char U+00D4 (decimal 212)
   defining Unicode char U+00D5 (decimal 213)
   defining Unicode char U+00D6 (decimal 214)
   defining Unicode char U+00D8 (decimal 216)
   defining Unicode char U+00D9 (decimal 217)
   defining Unicode char U+00DA (decimal 218)
   defining Unicode char U+00DB (decimal 219)
   defining Unicode char U+00DC (decimal 220)
   defining Unicode char U+00DD (decimal 221)
   defining Unicode char U+00DE (decimal 222)
   defining Unicode char U+00DF (decimal 223)
   defining Unicode char U+00E0 (decimal 224)
   defining Unicode char U+00E1 (decimal 225)
   defining Unicode char U+00E2 (decimal 226)
   defining Unicode char U+00E3 (decimal 227)
   defining Unicode char U+00E4 (decimal 228)
   defining Unicode char U+00E5 (decimal 229)
   defining Unicode char U+00E6 (decimal 230)
   defining Unicode char U+00E7 (decimal 231)
   defining Unicode char U+00E8 (decimal 232)
   defining Unicode char U+00E9 (decimal 233)
   defining Unicode char U+00EA (decimal 234)
   defining Unicode char U+00EB (decimal 235)
   defining Unicode char U+00EC (decimal 236)
   defining Unicode char U+00ED (decimal 237)
   defining Unicode char U+00EE (decimal 238)
   defining Unicode char U+00EF (decimal 239)
   defining Unicode char U+00F0 (decimal 240)
   defining Unicode char U+00F1 (decimal 241)
   defining Unicode char U+00F2 (decimal 242)
   defining Unicode char U+00F3 (decimal 243)
   defining Unicode char U+00F4 (decimal 244)
   defining Unicode char U+00F5 (decimal 245)
   defining Unicode char U+00F6 (decimal 246)
   defining Unicode char U+00F8 (decimal 248)
   defining Unicode char U+00F9 (decimal 249)
   defining Unicode char U+00FA (decimal 250)
   defining Unicode char U+00FB (decimal 251)
   defining Unicode char U+00FC (decimal 252)
   defining Unicode char U+00FD (decimal 253)
   defining Unicode char U+00FE (decimal 254)
   defining Unicode char U+00FF (decimal 255)
   defining Unicode char U+0100 (decimal 256)
   defining Unicode char U+0101 (decimal 257)
   defining Unicode char U+0102 (decimal 258)
   defining Unicode char U+0103 (decimal 259)
   defining Unicode char U+0104 (decimal 260)
   defining Unicode char U+0105 (decimal 261)
   defining Unicode char U+0106 (decimal 262)
   defining Unicode char U+0107 (decimal 263)
   defining Unicode char U+0108 (decimal 264)
   defining Unicode char U+0109 (decimal 265)
   defining Unicode char U+010A (decimal 266)
   defining Unicode char U+010B (decimal 267)
   defining Unicode char U+010C (decimal 268)
   defining Unicode char U+010D (decimal 269)
   defining Unicode char U+010E (decimal 270)
   defining Unicode char U+010F (decimal 271)
   defining Unicode char U+0110 (decimal 272)
   defining Unicode char U+0111 (decimal 273)
   defining Unicode char U+0112 (decimal 274)
   defining Unicode char U+0113 (decimal 275)
   defining Unicode char U+0114 (decimal 276)
   defining Unicode char U+0115 (decimal 277)
   defining Unicode char U+0116 (decimal 278)
   defining Unicode char U+0117 (decimal 279)
   defining Unicode char U+0118 (decimal 280)
   defining Unicode char U+0119 (decimal 281)
   defining Unicode char U+011A (decimal 282)
   defining Unicode char U+011B (decimal 283)
   defining Unicode char U+011C (decimal 284)
   defining Unicode char U+011D (decimal 285)
   defining Unicode char U+011E (decimal 286)
   defining Unicode char U+011F (decimal 287)
   defining Unicode char U+0120 (decimal 288)
   defining Unicode char U+0121 (decimal 289)
   defining Unicode char U+0122 (decimal 290)
   defining Unicode char U+0123 (decimal 291)
   defining Unicode char U+0124 (decimal 292)
   defining Unicode char U+0125 (decimal 293)
   defining Unicode char U+0128 (decimal 296)
   defining Unicode char U+0129 (decimal 297)
   defining Unicode char U+012A (decimal 298)
   defining Unicode char U+012B (decimal 299)
   defining Unicode char U+012C (decimal 300)
   defining Unicode char U+012D (decimal 301)
   defining Unicode char U+012E (decimal 302)
   defining Unicode char U+012F (decimal 303)
   defining Unicode char U+0130 (decimal 304)
   defining Unicode char U+0131 (decimal 305)
   defining Unicode char U+0132 (decimal 306)
   defining Unicode char U+0133 (decimal 307)
   defining Unicode char U+0134 (decimal 308)
   defining Unicode char U+0135 (decimal 309)
   defining Unicode char U+0136 (decimal 310)
   defining Unicode char U+0137 (decimal 311)
   defining Unicode char U+0139 (decimal 313)
   defining Unicode char U+013A (decimal 314)
   defining Unicode char U+013B (decimal 315)
   defining Unicode char U+013C (decimal 316)
   defining Unicode char U+013D (decimal 317)
   defining Unicode char U+013E (decimal 318)
   defining Unicode char U+0141 (decimal 321)
   defining Unicode char U+0142 (decimal 322)
   defining Unicode char U+0143 (decimal 323)
   defining Unicode char U+0144 (decimal 324)
   defining Unicode char U+0145 (decimal 325)
   defining Unicode char U+0146 (decimal 326)
   defining Unicode char U+0147 (decimal 327)
   defining Unicode char U+0148 (decimal 328)
   defining Unicode char U+014A (decimal 330)
   defining Unicode char U+014B (decimal 331)
   defining Unicode char U+014C (decimal 332)
   defining Unicode char U+014D (decimal 333)
   defining Unicode char U+014E (decimal 334)
   defining Unicode char U+014F (decimal 335)
   defining Unicode char U+0150 (decimal 336)
   defining Unicode char U+0151 (decimal 337)
   defining Unicode char U+0152 (decimal 338)
   defining Unicode char U+0153 (decimal 339)
   defining Unicode char U+0154 (decimal 340)
   defining Unicode char U+0155 (decimal 341)
   defining Unicode char U+0156 (decimal 342)
   defining Unicode char U+0157 (decimal 343)
   defining Unicode char U+0158 (decimal 344)
   defining Unicode char U+0159 (decimal 345)
   defining Unicode char U+015A (decimal 346)
   defining Unicode char U+015B (decimal 347)
   defining Unicode char U+015C (decimal 348)
   defining Unicode char U+015D (decimal 349)
   defining Unicode char U+015E (decimal 350)
   defining Unicode char U+015F (decimal 351)
   defining Unicode char U+0160 (decimal 352)
   defining Unicode char U+0161 (decimal 353)
   defining Unicode char U+0162 (decimal 354)
   defining Unicode char U+0163 (decimal 355)
   defining Unicode char U+0164 (decimal 356)
   defining Unicode char U+0165 (decimal 357)
   defining Unicode char U+0168 (decimal 360)
   defining Unicode char U+0169 (decimal 361)
   defining Unicode char U+016A (decimal 362)
   defining Unicode char U+016B (decimal 363)
   defining Unicode char U+016C (decimal 364)
   defining Unicode char U+016D (decimal 365)
   defining Unicode char U+016E (decimal 366)
   defining Unicode char U+016F (decimal 367)
   defining Unicode char U+0170 (decimal 368)
   defining Unicode char U+0171 (decimal 369)
   defining Unicode char U+0172 (decimal 370)
   defining Unicode char U+0173 (decimal 371)
   defining Unicode char U+0174 (decimal 372)
   defining Unicode char U+0175 (decimal 373)
   defining Unicode char U+0176 (decimal 374)
   defining Unicode char U+0177 (decimal 375)
   defining Unicode char U+0178 (decimal 376)
   defining Unicode char U+0179 (decimal 377)
   defining Unicode char U+017A (decimal 378)
   defining Unicode char U+017B (decimal 379)
   defining Unicode char U+017C (decimal 380)
   defining Unicode char U+017D (decimal 381)
   defining Unicode char U+017E (decimal 382)
   defining Unicode char U+01CD (decimal 461)
   defining Unicode char U+01CE (decimal 462)
   defining Unicode char U+01CF (decimal 463)
   defining Unicode char U+01D0 (decimal 464)
   defining Unicode char U+01D1 (decimal 465)
   defining Unicode char U+01D2 (decimal 466)
   defining Unicode char U+01D3 (decimal 467)
   defining Unicode char U+01D4 (decimal 468)
   defining Unicode char U+01E2 (decimal 482)
   defining Unicode char U+01E3 (decimal 483)
   defining Unicode char U+01E6 (decimal 486)
   defining Unicode char U+01E7 (decimal 487)
   defining Unicode char U+01E8 (decimal 488)
   defining Unicode char U+01E9 (decimal 489)
   defining Unicode char U+01EA (decimal 490)
   defining Unicode char U+01EB (decimal 491)
   defining Unicode char U+01F0 (decimal 496)
   defining Unicode char U+01F4 (decimal 500)
   defining Unicode char U+01F5 (decimal 501)
   defining Unicode char U+0218 (decimal 536)
   defining Unicode char U+0219 (decimal 537)
   defining Unicode char U+021A (decimal 538)
   defining Unicode char U+021B (decimal 539)
   defining Unicode char U+1E02 (decimal 7682)
   defining Unicode char U+1E03 (decimal 7683)
   defining Unicode char U+200C (decimal 8204)
   defining Unicode char U+2010 (decimal 8208)
   defining Unicode char U+2011 (decimal 8209)
   defining Unicode char U+2012 (decimal 8210)
   defining Unicode char U+2013 (decimal 8211)
   defining Unicode char U+2014 (decimal 8212)
   defining Unicode char U+2015 (decimal 8213)
   defining Unicode char U+2018 (decimal 8216)
   defining Unicode char U+2019 (decimal 8217)
   defining Unicode char U+201A (decimal 8218)
   defining Unicode char U+201C (decimal 8220)
   defining Unicode char U+201D (decimal 8221)
   defining Unicode char U+201E (decimal 8222)
   defining Unicode char U+2030 (decimal 8240)
   defining Unicode char U+2031 (decimal 8241)
   defining Unicode char U+2039 (decimal 8249)
   defining Unicode char U+203A (decimal 8250)
   defining Unicode char U+2423 (decimal 9251)
)
Now handling font encoding OT1 ...
... processing UTF-8 mapping file for font encoding OT1

(/usr/local/texlive/2016/texmf-dist/tex/latex/base/ot1enc.dfu
File: ot1enc.dfu 2016/02/28 v1.1s UTF-8 support for inputenc
   defining Unicode char U+00A0 (decimal 160)
   defining Unicode char U+00A1 (decimal 161)
   defining Unicode char U+00A3 (decimal 163)
   defining Unicode char U+00AD (decimal 173)
   defining Unicode char U+00B8 (decimal 184)
   defining Unicode char U+00BF (decimal 191)
   defining Unicode char U+00C5 (decimal 197)
   defining Unicode char U+00C6 (decimal 198)
   defining Unicode char U+00D8 (decimal 216)
   defining Unicode char U+00DF (decimal 223)
   defining Unicode char U+00E6 (decimal 230)
   defining Unicode char U+00EC (decimal 236)
   defining Unicode char U+00ED (decimal 237)
   defining Unicode char U+00EE (decimal 238)
   defining Unicode char U+00EF (decimal 239)
   defining Unicode char U+00F8 (decimal 248)
   defining Unicode char U+0131 (decimal 305)
   defining Unicode char U+0141 (decimal 321)
   defining Unicode char U+0142 (decimal 322)
   defining Unicode char U+0152 (decimal 338)
   defining Unicode char U+0153 (decimal 339)
   defining Unicode char U+0174 (decimal 372)
   defining Unicode char U+0175 (decimal 373)
   defining Unicode char U+0176 (decimal 374)
   defining Unicode char U+0177 (decimal 375)
   defining Unicode char U+0218 (decimal 536)
   defining Unicode char U+0219 (decimal 537)
   defining Unicode char U+021A (decimal 538)
   defining Unicode char U+021B (decimal 539)
   defining Unicode char U+2013 (decimal 8211)
   defining Unicode char U+2014 (decimal 8212)
   defining Unicode char U+2018 (decimal 8216)
   defining Unicode char U+2019 (decimal 8217)
   defining Unicode char U+201C (decimal 8220)
   defining Unicode char U+201D (decimal 8221)
)
Now handling font encoding OMS ...
... processing UTF-8 mapping file for font encoding OMS

(/usr/local/texlive/2016/texmf-dist/tex/latex/base/omsenc.dfu
File: omsenc.dfu 2016/02/28 v1.1s UTF-8 support for inputenc
   defining Unicode char U+00A7 (decimal 167)
   defining Unicode char U+00B6 (decimal 182)
   defining Unicode char U+00B7 (decimal 183)
   defining Unicode char U+2020 (decimal 8224)
   defining Unicode char U+2021 (decimal 8225)
   defining Unicode char U+2022 (decimal 8226)
)
Now handling font encoding OMX ...
... no UTF-8 mapping file for font encoding OMX
Now handling font encoding U ...
... no UTF-8 mapping file for font encoding U
   defining Unicode char U+00A9 (decimal 169)
   defining Unicode char U+00AA (decimal 170)
   defining Unicode char U+00AE (decimal 174)
   defining Unicode char U+00BA (decimal 186)
   defining Unicode char U+02C6 (decimal 710)
   defining Unicode char U+02DC (decimal 732)
   defining Unicode char U+200C (decimal 8204)
   defining Unicode char U+2026 (decimal 8230)
   defining Unicode char U+2122 (decimal 8482)
   defining Unicode char U+2423 (decimal 9251)
))
(/usr/local/texlive/2016/texmf-dist/tex/latex/setspace/setspace.sty
Package: setspace 2011/12/19 v6.7a set line spacing
)
(/usr/local/texlive/2016/texmf-dist/tex/latex/graphics/graphicx.sty
Package: graphicx 2014/10/28 v1.0g Enhanced LaTeX Graphics (DPC,SPQR)

(/usr/local/texlive/2016/texmf-dist/tex/latex/graphics/graphics.sty
Package: graphics 2016/05/09 v1.0r Standard LaTeX Graphics (DPC,SPQR)

(/usr/local/texlive/2016/texmf-dist/tex/latex/graphics/trig.sty
Package: trig 2016/01/03 v1.10 sin cos tan (DPC)
)
(/usr/local/texlive/2016/texmf-dist/tex/latex/graphics-cfg/graphics.cfg
File: graphics.cfg 2016/01/02 v1.10 sample graphics configuration
)
Package graphics Info: Driver file: pdftex.def on input line 96.
)
\Gin@req@height=\dimen112
\Gin@req@width=\dimen113
)
(/usr/local/texlive/2016/texmf-dist/tex/latex/changepage/changepage.sty
Package: changepage 2009/10/20 v1.0c check page and change page layout
\c@cp@cntr=\count92
\cp@tempcnt=\count93
)
(/usr/local/texlive/2016/texmf-dist/tex/latex/pdfpages/pdfpages.sty
Package: pdfpages 2016/04/19 v0.5f Insert pages of external PDF documents (AM)

(/usr/local/texlive/2016/texmf-dist/tex/latex/base/ifthen.sty
Package: ifthen 2014/09/29 v1.1c Standard LaTeX ifthen package (DPC)
)
(/usr/local/texlive/2016/texmf-dist/tex/latex/tools/calc.sty
Package: calc 2014/10/28 v4.3 Infix arithmetic (KKT,FJ)
\calc@Acount=\count94
\calc@Bcount=\count95
\calc@Adimen=\dimen114
\calc@Bdimen=\dimen115
\calc@Askip=\skip52
\calc@Bskip=\skip53
LaTeX Info: Redefining \setlength on input line 80.
LaTeX Info: Redefining \addtolength on input line 81.
\calc@Ccount=\count96
\calc@Cskip=\skip54
)
(/usr/local/texlive/2016/texmf-dist/tex/latex/eso-pic/eso-pic.sty
Package: eso-pic 2015/07/21 v2.0g eso-pic (RN)

(/usr/local/texlive/2016/texmf-dist/tex/generic/oberdiek/atbegshi.sty
Package: atbegshi 2016/05/16 v1.17 At begin shipout hook (HO)
))
\AM@pagewidth=\dimen116
\AM@pageheight=\dimen117

(/usr/local/texlive/2016/texmf-dist/tex/latex/pdfpages/pppdftex.def
File: pppdftex.def 2016/04/19 v0.5f Pdfpages driver for pdfTeX (AM)
)
\AM@pagebox=\box26
\AM@global@opts=\toks18
\AM@toc@title=\toks19
\c@AM@survey=\count97
\AM@templatesizebox=\box27
)
(/usr/local/texlive/2016/texmf-dist/tex/latex/algorithmicx/algpseudocode.sty
Package: algpseudocode 

(/usr/local/texlive/2016/texmf-dist/tex/latex/algorithmicx/algorithmicx.sty
Package: algorithmicx 2005/04/27 v1.2 Algorithmicx

Document Style algorithmicx 1.2 - a greatly improved `algorithmic' style
\c@ALG@line=\count98
\c@ALG@rem=\count99
\c@ALG@nested=\count100
\ALG@tlm=\skip55
\ALG@thistlm=\skip56
\c@ALG@Lnr=\count101
\c@ALG@blocknr=\count102
\c@ALG@storecount=\count103
\c@ALG@tmpcounter=\count104
\ALG@tmplength=\skip57
)
Document Style - pseudocode environments for use with the `algorithmicx' style
) (/usr/local/texlive/2016/texmf-dist/tex/latex/mathtools/mathtools.sty
Package: mathtools 2015/11/12 v1.18 mathematical typesetting tools

(/usr/local/texlive/2016/texmf-dist/tex/latex/mathtools/mhsetup.sty
Package: mhsetup 2010/01/21 v1.2a programming setup (MH)
)
(/usr/local/texlive/2016/texmf-dist/tex/latex/amsmath/amsmath.sty
Package: amsmath 2016/03/10 v2.15b AMS math features
\@mathmargin=\skip58

For additional information on amsmath, use the `?' option.
(/usr/local/texlive/2016/texmf-dist/tex/latex/amsmath/amstext.sty
Package: amstext 2000/06/29 v2.01 AMS text

(/usr/local/texlive/2016/texmf-dist/tex/latex/amsmath/amsgen.sty
File: amsgen.sty 1999/11/30 v2.0 generic functions
\@emptytoks=\toks20
\ex@=\dimen118
))
(/usr/local/texlive/2016/texmf-dist/tex/latex/amsmath/amsbsy.sty
Package: amsbsy 1999/11/29 v1.2d Bold Symbols
\pmbraise@=\dimen119
)
(/usr/local/texlive/2016/texmf-dist/tex/latex/amsmath/amsopn.sty
Package: amsopn 2016/03/08 v2.02 operator names
)
\inf@bad=\count105
LaTeX Info: Redefining \frac on input line 199.
\uproot@=\count106
\leftroot@=\count107
LaTeX Info: Redefining \overline on input line 297.
\classnum@=\count108
\DOTSCASE@=\count109
LaTeX Info: Redefining \ldots on input line 394.
LaTeX Info: Redefining \dots on input line 397.
LaTeX Info: Redefining \cdots on input line 518.
\Mathstrutbox@=\box28
\strutbox@=\box29
\big@size=\dimen120
LaTeX Font Info:    Redeclaring font encoding OML on input line 634.
LaTeX Font Info:    Redeclaring font encoding OMS on input line 635.
\macc@depth=\count110
\c@MaxMatrixCols=\count111
\dotsspace@=\muskip10
\c@parentequation=\count112
\dspbrk@lvl=\count113
\tag@help=\toks21
\row@=\count114
\column@=\count115
\maxfields@=\count116
\andhelp@=\toks22
\eqnshift@=\dimen121
\alignsep@=\dimen122
\tagshift@=\dimen123
\tagwidth@=\dimen124
\totwidth@=\dimen125
\lineht@=\dimen126
\@envbody=\toks23
\multlinegap=\skip59
\multlinetaggap=\skip60
\mathdisplay@stack=\toks24
LaTeX Info: Redefining \[ on input line 2739.
LaTeX Info: Redefining \] on input line 2740.
)
LaTeX Info: Thecontrolsequence`\('isalreadyrobust on input line 129.
LaTeX Info: Thecontrolsequence`\)'isalreadyrobust on input line 129.
LaTeX Info: Thecontrolsequence`\['isalreadyrobust on input line 129.
LaTeX Info: Thecontrolsequence`\]'isalreadyrobust on input line 129.
\g_MT_multlinerow_int=\count117
\l_MT_multwidth_dim=\dimen127
\origjot=\skip61
\l_MT_shortvdotswithinadjustabove_dim=\dimen128
\l_MT_shortvdotswithinadjustbelow_dim=\dimen129
\l_MT_above_intertext_sep=\dimen130
\l_MT_below_intertext_sep=\dimen131
\l_MT_above_shortintertext_sep=\dimen132
\l_MT_below_shortintertext_sep=\dimen133
)
(/usr/local/texlive/2016/texmf-dist/tex/latex/url/url.sty
\Urlmuskip=\muskip11
Package: url 2013/09/16  ver 3.4  Verb mode for urls, etc.
)
(/usr/local/texlive/2016/texmf-dist/tex/latex/multirow/multirow.sty
\bigstrutjot=\dimen134
)
(/usr/local/texlive/2016/texmf-dist/tex/latex/caption/caption.sty
Package: caption 2016/02/21 v3.3-144 Customizing captions (AR)

(/usr/local/texlive/2016/texmf-dist/tex/latex/caption/caption3.sty
Package: caption3 2016/02/04 v1.7-139 caption3 kernel (AR)
Package caption3 Info: TeX engine: e-TeX on input line 67.
\captionmargin=\dimen135
\captionmargin@=\dimen136
\captionwidth=\dimen137
\caption@tempdima=\dimen138
\caption@indent=\dimen139
\caption@parindent=\dimen140
\caption@hangindent=\dimen141
)
\c@ContinuedFloat=\count118
)
(/usr/local/texlive/2016/texmf-dist/tex/latex/caption/subcaption.sty
Package: subcaption 2016/02/20 v1.1-142 Sub-captions (AR)
\c@subfigure=\count119
\c@subtable=\count120
)
(./main.aux)
\openout1 = `main.aux'.

LaTeX Font Info:    Checking defaults for OML/cmm/m/it on input line 38.
LaTeX Font Info:    ... okay on input line 38.
LaTeX Font Info:    Checking defaults for T1/cmr/m/n on input line 38.
LaTeX Font Info:    ... okay on input line 38.
LaTeX Font Info:    Checking defaults for OT1/cmr/m/n on input line 38.
LaTeX Font Info:    ... okay on input line 38.
LaTeX Font Info:    Checking defaults for OMS/cmsy/m/n on input line 38.
LaTeX Font Info:    ... okay on input line 38.
LaTeX Font Info:    Checking defaults for OMX/cmex/m/n on input line 38.
LaTeX Font Info:    ... okay on input line 38.
LaTeX Font Info:    Checking defaults for U/cmr/m/n on input line 38.
LaTeX Font Info:    ... okay on input line 38.

*geometry* driver: auto-detecting
*geometry* detected driver: pdftex
*geometry* verbose mode - [ preamble ] result:
* driver: pdftex
* paper: letterpaper
* layout: <same size as paper>
* layoutoffset:(h,v)=(0.0pt,0.0pt)
* modes: 
* h-part:(L,W,R)=(72.26999pt, 469.75502pt, 72.26999pt)
* v-part:(T,H,B)=(72.26999pt, 650.43001pt, 72.26999pt)
* \paperwidth=614.295pt
* \paperheight=794.96999pt
* \textwidth=469.75502pt
* \textheight=650.43001pt
* \oddsidemargin=0.0pt
* \evensidemargin=0.0pt
* \topmargin=-37.0pt
* \headheight=12.0pt
* \headsep=25.0pt
* \topskip=12.0pt
* \footskip=30.0pt
* \marginparwidth=44.0pt
* \marginparsep=10.0pt
* \columnsep=10.0pt
* \skip\footins=10.8pt plus 4.0pt minus 2.0pt
* \hoffset=0.0pt
* \voffset=0.0pt
* \mag=1000
* \@twocolumnfalse
* \@twosidefalse
* \@mparswitchfalse
* \@reversemarginfalse
* (1in=72.27pt=25.4mm, 1cm=28.453pt)

(/usr/local/texlive/2016/texmf-dist/tex/context/base/mkii/supp-pdf.mkii
[Loading MPS to PDF converter (version 2006.09.02).]
\scratchcounter=\count121
\scratchdimen=\dimen142
\scratchbox=\box30
\nofMPsegments=\count122
\nofMParguments=\count123
\everyMPshowfont=\toks25
\MPscratchCnt=\count124
\MPscratchDim=\dimen143
\MPnumerator=\count125
\makeMPintoPDFobject=\count126
\everyMPtoPDFconversion=\toks26
) (/usr/local/texlive/2016/texmf-dist/tex/generic/oberdiek/pdftexcmds.sty
Package: pdftexcmds 2016/05/10 v0.21 Utility functions of pdfTeX for LuaTeX (HO
)

(/usr/local/texlive/2016/texmf-dist/tex/generic/oberdiek/ifluatex.sty
Package: ifluatex 2016/05/16 v1.4 Provides the ifluatex switch (HO)
Package ifluatex Info: LuaTeX not detected.
)
Package pdftexcmds Info: LuaTeX not detected.
Package pdftexcmds Info: \pdf@primitive is available.
Package pdftexcmds Info: \pdf@ifprimitive is available.
Package pdftexcmds Info: \pdfdraftmode found.
)
(/usr/local/texlive/2016/texmf-dist/tex/latex/oberdiek/epstopdf-base.sty
Package: epstopdf-base 2016/05/15 v2.6 Base part for package epstopdf

(/usr/local/texlive/2016/texmf-dist/tex/latex/oberdiek/grfext.sty
Package: grfext 2016/05/16 v1.2 Manage graphics extensions (HO)

(/usr/local/texlive/2016/texmf-dist/tex/generic/oberdiek/kvdefinekeys.sty
Package: kvdefinekeys 2016/05/16 v1.4 Define keys (HO)
))
(/usr/local/texlive/2016/texmf-dist/tex/latex/oberdiek/kvoptions.sty
Package: kvoptions 2016/05/16 v3.12 Key value format for package options (HO)

(/usr/local/texlive/2016/texmf-dist/tex/generic/oberdiek/kvsetkeys.sty
Package: kvsetkeys 2016/05/16 v1.17 Key value parser (HO)

(/usr/local/texlive/2016/texmf-dist/tex/generic/oberdiek/etexcmds.sty
Package: etexcmds 2016/05/16 v1.6 Avoid name clashes with e-TeX commands (HO)
Package etexcmds Info: Could not find \expanded.
(etexcmds)             That can mean that you are not using pdfTeX 1.50 or
(etexcmds)             that some package has redefined \expanded.
(etexcmds)             In the latter case, load this package earlier.
)))
Package grfext Info: Graphics extension search list:
(grfext)             [.png,.pdf,.jpg,.mps,.jpeg,.jbig2,.jb2,.PNG,.PDF,.JPG,.JPE
G,.JBIG2,.JB2,.eps]
(grfext)             \AppendGraphicsExtensions on input line 456.

(/usr/local/texlive/2016/texmf-dist/tex/latex/latexconfig/epstopdf-sys.cfg
File: epstopdf-sys.cfg 2010/07/13 v1.3 Configuration of (r)epstopdf for TeX Liv
e
))
\AtBeginShipoutBox=\box31

(/usr/local/texlive/2016/texmf-dist/tex/latex/oberdiek/pdflscape.sty
Package: pdflscape 2016/05/14 v0.11 Display of landscape pages in PDF (HO)

(/usr/local/texlive/2016/texmf-dist/tex/latex/graphics/lscape.sty
Package: lscape 2000/10/22 v3.01 Landscape Pages (DPC)
)
Package pdflscape Info: Auto-detected driver: pdftex on input line 81.
)
Package caption Info: Begin \AtBeginDocument code.
Package caption Info: End \AtBeginDocument code.
LaTeX Font Info:    Try loading font information for OMS+cmr on input line 51.

(/usr/local/texlive/2016/texmf-dist/tex/latex/base/omscmr.fd
File: omscmr.fd 2014/09/29 v2.5h Standard LaTeX font definitions
)
LaTeX Font Info:    Font shape `OMS/cmr/m/n' in size <12> not available
(Font)              Font shape `OMS/cmsy/m/n' tried instead on input line 51.
 [1

{/usr/local/texlive/2016/texmf-var/fonts/map/pdftex/updmap/pdftex.map}] (./abst
ract.tex)

Package Fancyhdr Warning: \headheight is too small (12.0pt): 
 Make it at least 14.49998pt.
 We now make it that large for the rest of the document.
 This may cause the page layout to be inconsistent, however.

[1] (./main.toc

Package Fancyhdr Warning: \headheight is too small (12.0pt): 
 Make it at least 14.49998pt.
 We now make it that large for the rest of the document.
 This may cause the page layout to be inconsistent, however.

[2])
\tf@toc=\write3
\openout3 = `main.toc'.



Package Fancyhdr Warning: \headheight is too small (12.0pt): 
 Make it at least 14.49998pt.
 We now make it that large for the rest of the document.
 This may cause the page layout to be inconsistent, however.

[3] (./main.lot)
\tf@lot=\write4
\openout4 = `main.lot'.



Package Fancyhdr Warning: \headheight is too small (12.0pt): 
 Make it at least 14.49998pt.
 We now make it that large for the rest of the document.
 This may cause the page layout to be inconsistent, however.

[4] (./main.lof)
\tf@lof=\write5
\openout5 = `main.lof'.



Package Fancyhdr Warning: \headheight is too small (12.0pt): 
 Make it at least 14.49998pt.
 We now make it that large for the rest of the document.
 This may cause the page layout to be inconsistent, however.

[5] (./introduction.tex)

Package Fancyhdr Warning: \headheight is too small (12.0pt): 
 Make it at least 14.49998pt.
 We now make it that large for the rest of the document.
 This may cause the page layout to be inconsistent, however.

[6] (./background.tex
<images/ANN_structure.png, id=32, 351.3125pt x 314.17375pt>
File: images/ANN_structure.png Graphic file (type png)

<use images/ANN_structure.png>
Package pdftex.def Info: images/ANN_structure.png used on input line 9.
(pdftex.def)             Requested size: 234.8775pt x 210.05428pt.

<images/neuron.png, id=34, 483.30562pt x 344.03531pt>
File: images/neuron.png Graphic file (type png)
 <use images/neuron.png>
Package pdftex.def Info: images/neuron.png used on input line 20.
(pdftex.def)             Requested size: 234.8775pt x 167.19289pt.


Package Fancyhdr Warning: \headheight is too small (12.0pt): 
 Make it at least 14.49998pt.
 We now make it that large for the rest of the document.
 This may cause the page layout to be inconsistent, however.

[7 <./images/ANN_structure.png>]
<images/sigmoid.png, id=39, 321.2pt x 213.79875pt>
File: images/sigmoid.png Graphic file (type png)
 <use images/sigmoid.png>
Package pdftex.def Info: images/sigmoid.png used on input line 34.
(pdftex.def)             Requested size: 140.92793pt x 93.80748pt.

./background.tex:42: Extra }, or forgotten \endgroup.
l.42     }
          
I've deleted a group-closing symbol because it seems to be
spurious, as in `$x}$'. But perhaps the } is legitimate and
you forgot something else, as in `\hbox{$x}'. In such cases
the way to recover is to insert both the forgotten and the
deleted material, e.g., by typing `I$}'.

<images/tanh.png, id=40, 451.6875pt x 301.125pt>
File: images/tanh.png Graphic file (type png)
 <use images/tanh.png>
Package pdftex.def Info: images/tanh.png used on input line 46.
(pdftex.def)             Requested size: 140.92793pt x 93.95428pt.

./background.tex:54: Extra }, or forgotten \endgroup.
l.54     }
          
I've deleted a group-closing symbol because it seems to be
spurious, as in `$x}$'. But perhaps the } is legitimate and
you forgot something else, as in `\hbox{$x}'. In such cases
the way to recover is to insert both the forgotten and the
deleted material, e.g., by typing `I$}'.

<images/relu.png, id=41, 312.16624pt x 210.7875pt>
File: images/relu.png Graphic file (type png)
 <use images/relu.png>
Package pdftex.def Info: images/relu.png used on input line 59.
(pdftex.def)             Requested size: 140.92793pt x 95.16226pt.

./background.tex:66: Extra }, or forgotten \endgroup.
l.66     }
          
I've deleted a group-closing symbol because it seems to be
spurious, as in `$x}$'. But perhaps the } is legitimate and
you forgot something else, as in `\hbox{$x}'. In such cases
the way to recover is to insert both the forgotten and the
deleted material, e.g., by typing `I$}'.


Package Fancyhdr Warning: \headheight is too small (12.0pt): 
 Make it at least 14.49998pt.
 We now make it that large for the rest of the document.
 This may cause the page layout to be inconsistent, however.

[8 <./images/neuron.png> <./images/sigmoid.png> <./images/tanh.png> <./images/r
elu.png>] <images/pso-conv.png, id=50, 682.55pt x 408.52625pt>
File: images/pso-conv.png Graphic file (type png)

<use images/pso-conv.png>
Package pdftex.def Info: images/pso-conv.png used on input line 86.
(pdftex.def)             Requested size: 234.8775pt x 140.58015pt.


Package Fancyhdr Warning: \headheight is too small (12.0pt): 
 Make it at least 14.49998pt.
 We now make it that large for the rest of the document.
 This may cause the page layout to be inconsistent, however.

[9]

Package Fancyhdr Warning: \headheight is too small (12.0pt): 
 Make it at least 14.49998pt.
 We now make it that large for the rest of the document.
 This may cause the page layout to be inconsistent, however.

[10 <./images/pso-conv.png>]

Package Fancyhdr Warning: \headheight is too small (12.0pt): 
 Make it at least 14.49998pt.
 We now make it that large for the rest of the document.
 This may cause the page layout to be inconsistent, however.

[11]

Package Fancyhdr Warning: \headheight is too small (12.0pt): 
 Make it at least 14.49998pt.
 We now make it that large for the rest of the document.
 This may cause the page layout to be inconsistent, however.

[12] <images/pso-pseudocode.png, id=70, 798.985pt x 529.98pt>
File: images/pso-pseudocode.png Graphic file (type png)

<use images/pso-pseudocode.png>
Package pdftex.def Info: images/pso-pseudocode.png used on input line 168.
(pdftex.def)             Requested size: 375.80544pt x 249.27661pt.
)

Package Fancyhdr Warning: \headheight is too small (12.0pt): 
 Make it at least 14.49998pt.
 We now make it that large for the rest of the document.
 This may cause the page layout to be inconsistent, however.

[13] (./litreview.tex

Package Fancyhdr Warning: \headheight is too small (12.0pt): 
 Make it at least 14.49998pt.
 We now make it that large for the rest of the document.
 This may cause the page layout to be inconsistent, however.

[14 <./images/pso-pseudocode.png>])

Package Fancyhdr Warning: \headheight is too small (12.0pt): 
 Make it at least 14.49998pt.
 We now make it that large for the rest of the document.
 This may cause the page layout to be inconsistent, however.

[15]

Package Fancyhdr Warning: \headheight is too small (12.0pt): 
 Make it at least 14.49998pt.
 We now make it that large for the rest of the document.
 This may cause the page layout to be inconsistent, however.

[16] (./experimentalsetup.tex

Package Fancyhdr Warning: \headheight is too small (12.0pt): 
 Make it at least 14.49998pt.
 We now make it that large for the rest of the document.
 This may cause the page layout to be inconsistent, however.

[17]

Package Fancyhdr Warning: \headheight is too small (12.0pt): 
 Make it at least 14.49998pt.
 We now make it that large for the rest of the document.
 This may cause the page layout to be inconsistent, however.

[18]

Package Fancyhdr Warning: \headheight is too small (12.0pt): 
 Make it at least 14.49998pt.
 We now make it that large for the rest of the document.
 This may cause the page layout to be inconsistent, however.

[19]

Package Fancyhdr Warning: \headheight is too small (12.0pt): 
 Make it at least 14.49998pt.
 We now make it that large for the rest of the document.
 This may cause the page layout to be inconsistent, however.

[20] <images/Board-Visualization.png, id=98, 499.8675pt x 451.6875pt>
File: images/Board-Visualization.png Graphic file (type png)

<use images/Board-Visualization.png>
Package pdftex.def Info: images/Board-Visualization.png used on input line 120.

(pdftex.def)             Requested size: 328.82707pt x 297.14287pt.


Package Fancyhdr Warning: \headheight is too small (12.0pt): 
 Make it at least 14.49998pt.
 We now make it that large for the rest of the document.
 This may cause the page layout to be inconsistent, however.

[21])

Package Fancyhdr Warning: \headheight is too small (12.0pt): 
 Make it at least 14.49998pt.
 We now make it that large for the rest of the document.
 This may cause the page layout to be inconsistent, however.

[22 <./images/Board-Visualization.png>]

Package Fancyhdr Warning: \headheight is too small (12.0pt): 
 Make it at least 14.49998pt.
 We now make it that large for the rest of the document.
 This may cause the page layout to be inconsistent, however.

[23] (./results.tex (./walled-game.tex
<images/V3-false-rc5-pl30-pdh0-pdc30-pyh0-pyc30-r0.png, id=109, 1003.75pt x 602
.25pt>
File: images/V3-false-rc5-pl30-pdh0-pdc30-pyh0-pyc30-r0.png Graphic file (type 
png)
 <use images/V3-false-rc5-pl30-pdh0-pdc30-pyh0-pyc30-r0.png>
Package pdftex.def Info: images/V3-false-rc5-pl30-pdh0-pdc30-pyh0-pyc30-r0.png 
used on input line 8.
(pdftex.def)             Requested size: 328.82707pt x 197.30034pt.

<images/V3-false-rc5-pl30-pdh0-pdc30-pyh0-pyc30-r2.png, id=110, 1003.75pt x 602
.25pt>
File: images/V3-false-rc5-pl30-pdh0-pdc30-pyh0-pyc30-r2.png Graphic file (type 
png)
 <use images/V3-false-rc5-pl30-pdh0-pdc30-pyh0-pyc30-r2.png>
Package pdftex.def Info: images/V3-false-rc5-pl30-pdh0-pdc30-pyh0-pyc30-r2.png 
used on input line 12.
(pdftex.def)             Requested size: 328.82707pt x 197.30034pt.

<images/V3-false-rc2-pl40-pdh0-pdc15-pyh0-pyc15-r3.png, id=111, 1003.75pt x 602
.25pt>
File: images/V3-false-rc2-pl40-pdh0-pdc15-pyh0-pyc15-r3.png Graphic file (type 
png)
 <use images/V3-false-rc2-pl40-pdh0-pdc15-pyh0-pyc15-r3.png>
Package pdftex.def Info: images/V3-false-rc2-pl40-pdh0-pdc15-pyh0-pyc15-r3.png 
used on input line 22.
(pdftex.def)             Requested size: 328.82707pt x 197.30034pt.


Package Fancyhdr Warning: \headheight is too small (12.0pt): 
 Make it at least 14.49998pt.
 We now make it that large for the rest of the document.
 This may cause the page layout to be inconsistent, however.

[24]

Package Fancyhdr Warning: \headheight is too small (12.0pt): 
 Make it at least 14.49998pt.
 We now make it that large for the rest of the document.
 This may cause the page layout to be inconsistent, however.

[25 <./images/V3-false-rc5-pl30-pdh0-pdc30-pyh0-pyc30-r0.png> <./images/V3-fals
e-rc5-pl30-pdh0-pdc30-pyh0-pyc30-r2.png>]
<images/walled-good-ex-1.png, id=121, 451.6875pt x 451.6875pt>
File: images/walled-good-ex-1.png Graphic file (type png)

<use images/walled-good-ex-1.png>
Package pdftex.def Info: images/walled-good-ex-1.png used on input line 33.
(pdftex.def)             Requested size: 187.89914pt x 187.90169pt.

<images/walled-good-ex-2.png, id=122, 451.6875pt x 451.6875pt>
File: images/walled-good-ex-2.png Graphic file (type png)

<use images/walled-good-ex-2.png>
Package pdftex.def Info: images/walled-good-ex-2.png used on input line 33.
(pdftex.def)             Requested size: 187.89914pt x 187.90169pt.

<images/V3-false-rc5-pl30-pdh067-pdc30-pyh067-pyc30-r2.png, id=123, 1003.75pt x
 602.25pt>
File: images/V3-false-rc5-pl30-pdh067-pdc30-pyh067-pyc30-r2.png Graphic file (t
ype png)
 <use images/V3-false-rc5-pl30-pdh067-pdc30-pyh067-pyc30-r2.png>
Package pdftex.def Info: images/V3-false-rc5-pl30-pdh067-pdc30-pyh067-pyc30-r2.
png used on input line 40.
(pdftex.def)             Requested size: 328.82707pt x 197.30034pt.

<images/V3-false-rc5-pl30-pdh033-pdc15-pyh033-pyc15-r1.png, id=124, 1003.75pt x
 602.25pt>
File: images/V3-false-rc5-pl30-pdh033-pdc15-pyh033-pyc15-r1.png Graphic file (t
ype png)
 <use images/V3-false-rc5-pl30-pdh033-pdc15-pyh033-pyc15-r1.png>
Package pdftex.def Info: images/V3-false-rc5-pl30-pdh033-pdc15-pyh033-pyc15-r1.
png used on input line 48.
(pdftex.def)             Requested size: 328.82707pt x 197.30034pt.
)
(./v1.tex

Package Fancyhdr Warning: \headheight is too small (12.0pt): 
 Make it at least 14.49998pt.
 We now make it that large for the rest of the document.
 This may cause the page layout to be inconsistent, however.

[26 <./images/V3-false-rc2-pl40-pdh0-pdc15-pyh0-pyc15-r3.png> <./images/walled-
good-ex-1.png (PNG copy)> <./images/walled-good-ex-2.png (PNG copy)>]

Package Fancyhdr Warning: \headheight is too small (12.0pt): 
 Make it at least 14.49998pt.
 We now make it that large for the rest of the document.
 This may cause the page layout to be inconsistent, however.

[27 <./images/V3-false-rc5-pl30-pdh067-pdc30-pyh067-pyc30-r2.png> <./images/V3-
false-rc5-pl30-pdh033-pdc15-pyh033-pyc15-r1.png>]

Package Fancyhdr Warning: \headheight is too small (12.0pt): 
 Make it at least 14.49998pt.
 We now make it that large for the rest of the document.
 This may cause the page layout to be inconsistent, however.

[28] <images/exp25-Run-4.png, id=137, 1003.75pt x 602.25pt>
File: images/exp25-Run-4.png Graphic file (type png)

<use images/exp25-Run-4.png>
Package pdftex.def Info: images/exp25-Run-4.png used on input line 6.
(pdftex.def)             Requested size: 328.82707pt x 197.30034pt.

<images/exp41-Run-0.png, id=138, 1003.75pt x 602.25pt>
File: images/exp41-Run-0.png Graphic file (type png)

<use images/exp41-Run-0.png>
Package pdftex.def Info: images/exp41-Run-0.png used on input line 7.
(pdftex.def)             Requested size: 328.82707pt x 197.30034pt.

<images/exp28-Run-0.png, id=139, 1003.75pt x 602.25pt>
File: images/exp28-Run-0.png Graphic file (type png)

<use images/exp28-Run-0.png>
Package pdftex.def Info: images/exp28-Run-0.png used on input line 15.
(pdftex.def)             Requested size: 328.82707pt x 197.30034pt.

<images/exp44-Run-2.png, id=140, 1003.75pt x 602.25pt>
File: images/exp44-Run-2.png Graphic file (type png)

<use images/exp44-Run-2.png>
Package pdftex.def Info: images/exp44-Run-2.png used on input line 16.
(pdftex.def)             Requested size: 328.82707pt x 197.30034pt.


Package Fancyhdr Warning: \headheight is too small (12.0pt): 
 Make it at least 14.49998pt.
 We now make it that large for the rest of the document.
 This may cause the page layout to be inconsistent, however.

[29 <./images/exp25-Run-4.png> <./images/exp41-Run-0.png>]

Package Fancyhdr Warning: \headheight is too small (12.0pt): 
 Make it at least 14.49998pt.
 We now make it that large for the rest of the document.
 This may cause the page layout to be inconsistent, however.

[30 <./images/exp28-Run-0.png> <./images/exp44-Run-2.png>]
<images/exp25-pred-Game-382.png, id=152, 451.6875pt x 451.6875pt>
File: images/exp25-pred-Game-382.png Graphic file (type png)

<use images/exp25-pred-Game-382.png>
Package pdftex.def Info: images/exp25-pred-Game-382.png used on input line 26.
(pdftex.def)             Requested size: 234.8775pt x 234.87885pt.

<images/exp25-prey-Game-58.png, id=153, 451.6875pt x 451.6875pt>
File: images/exp25-prey-Game-58.png Graphic file (type png)

<use images/exp25-prey-Game-58.png>
Package pdftex.def Info: images/exp25-prey-Game-58.png used on input line 34.
(pdftex.def)             Requested size: 187.89914pt x 187.90169pt.

<images/exp25-prey-Game-119.png, id=154, 451.6875pt x 451.6875pt>
File: images/exp25-prey-Game-119.png Graphic file (type png)

<use images/exp25-prey-Game-119.png>
Package pdftex.def Info: images/exp25-prey-Game-119.png used on input line 37.
(pdftex.def)             Requested size: 187.89914pt x 187.90169pt.

<images/exp25-prey-Game-376.png, id=155, 451.6875pt x 451.6875pt>
File: images/exp25-prey-Game-376.png Graphic file (type png)

<use images/exp25-prey-Game-376.png>
Package pdftex.def Info: images/exp25-prey-Game-376.png used on input line 41.
(pdftex.def)             Requested size: 187.89914pt x 187.90169pt.

<images/exp25-prey-Game-386.png, id=156, 451.6875pt x 451.6875pt>
File: images/exp25-prey-Game-386.png Graphic file (type png)

<use images/exp25-prey-Game-386.png>
Package pdftex.def Info: images/exp25-prey-Game-386.png used on input line 44.
(pdftex.def)             Requested size: 187.89914pt x 187.90169pt.
) (./v2.tex

LaTeX Warning: Reference `fig:v2-pred-better-graphs' on page 31 undefined on in
put line 2.


Package Fancyhdr Warning: \headheight is too small (12.0pt): 
 Make it at least 14.49998pt.
 We now make it that large for the rest of the document.
 This may cause the page layout to be inconsistent, however.

[31 <./images/exp25-pred-Game-382.png (PNG copy)>]

Package Fancyhdr Warning: \headheight is too small (12.0pt): 
 Make it at least 14.49998pt.
 We now make it that large for the rest of the document.
 This may cause the page layout to be inconsistent, however.

[32 <./images/exp25-prey-Game-58.png (PNG copy)> <./images/exp25-prey-Game-119.
png (PNG copy)> <./images/exp25-prey-Game-376.png (PNG copy)> <./images/exp25-p
rey-Game-386.png (PNG copy)>]

Package Fancyhdr Warning: \headheight is too small (12.0pt): 
 Make it at least 14.49998pt.
 We now make it that large for the rest of the document.
 This may cause the page layout to be inconsistent, however.

[33] <images/V2-exp30-Run-2.png, id=166, 1003.75pt x 602.25pt>
File: images/V2-exp30-Run-2.png Graphic file (type png)

<use images/V2-exp30-Run-2.png>
Package pdftex.def Info: images/V2-exp30-Run-2.png used on input line 7.
(pdftex.def)             Requested size: 328.82707pt x 197.30034pt.

<images/V2-exp32-Run-4.png, id=167, 1003.75pt x 602.25pt>
File: images/V2-exp32-Run-4.png Graphic file (type png)

<use images/V2-exp32-Run-4.png>
Package pdftex.def Info: images/V2-exp32-Run-4.png used on input line 11.
(pdftex.def)             Requested size: 328.82707pt x 197.30034pt.

<images/V2-exp39-Run-0.png, id=168, 1003.75pt x 602.25pt>
File: images/V2-exp39-Run-0.png Graphic file (type png)

<use images/V2-exp39-Run-0.png>
Package pdftex.def Info: images/V2-exp39-Run-0.png used on input line 20.
(pdftex.def)             Requested size: 328.82707pt x 197.30034pt.

<images/V2-exp39-Run-3.png, id=169, 1003.75pt x 602.25pt>
File: images/V2-exp39-Run-3.png Graphic file (type png)

<use images/V2-exp39-Run-3.png>
Package pdftex.def Info: images/V2-exp39-Run-3.png used on input line 24.
(pdftex.def)             Requested size: 328.82707pt x 197.30034pt.

<images/v2-exp31-Run-2.png, id=170, 1003.75pt x 602.25pt>
File: images/v2-exp31-Run-2.png Graphic file (type png)

<use images/v2-exp31-Run-2.png>
Package pdftex.def Info: images/v2-exp31-Run-2.png used on input line 35.
(pdftex.def)             Requested size: 328.82707pt x 197.30034pt.


Package Fancyhdr Warning: \headheight is too small (12.0pt): 
 Make it at least 14.49998pt.
 We now make it that large for the rest of the document.
 This may cause the page layout to be inconsistent, however.

[34 <./images/V2-exp30-Run-2.png> <./images/V2-exp32-Run-4.png>]

Package Fancyhdr Warning: \headheight is too small (12.0pt): 
 Make it at least 14.49998pt.
 We now make it that large for the rest of the document.
 This may cause the page layout to be inconsistent, however.

[35 <./images/V2-exp39-Run-0.png> <./images/V2-exp39-Run-3.png>]
<images/v2-exp39-r0-best-Game-370.png, id=181, 451.6875pt x 451.6875pt>
File: images/v2-exp39-r0-best-Game-370.png Graphic file (type png)

<use images/v2-exp39-r0-best-Game-370.png>
Package pdftex.def Info: images/v2-exp39-r0-best-Game-370.png used on input lin
e 44.
(pdftex.def)             Requested size: 187.89914pt x 187.90169pt.

<images/v2-exp39-r0-best-Game-388.png, id=182, 451.6875pt x 451.6875pt>
File: images/v2-exp39-r0-best-Game-388.png Graphic file (type png)

<use images/v2-exp39-r0-best-Game-388.png>
Package pdftex.def Info: images/v2-exp39-r0-best-Game-388.png used on input lin
e 44.
(pdftex.def)             Requested size: 187.89914pt x 187.90169pt.


LaTeX Warning: Reference `fig:v2-pred-better-graphs' on page 36 undefined on in
put line 49.


Package Fancyhdr Warning: \headheight is too small (12.0pt): 
 Make it at least 14.49998pt.
 We now make it that large for the rest of the document.
 This may cause the page layout to be inconsistent, however.

[36 <./images/v2-exp31-Run-2.png> <./images/v2-exp39-r0-best-Game-370.png (PNG 
copy)> <./images/v2-exp39-r0-best-Game-388.png (PNG copy)>]
<images/V2-exp30-r2-Game-152.png, id=188, 451.6875pt x 451.6875pt>
File: images/V2-exp30-r2-Game-152.png Graphic file (type png)

<use images/V2-exp30-r2-Game-152.png>
Package pdftex.def Info: images/V2-exp30-r2-Game-152.png used on input line 53.

(pdftex.def)             Requested size: 187.89914pt x 187.90169pt.

<images/V2-exp30-r2-Game-362.png, id=189, 451.6875pt x 451.6875pt>
File: images/V2-exp30-r2-Game-362.png Graphic file (type png)

<use images/V2-exp30-r2-Game-362.png>
Package pdftex.def Info: images/V2-exp30-r2-Game-362.png used on input line 53.

(pdftex.def)             Requested size: 187.89914pt x 187.90169pt.

<images/v2-exp40-py-r4-Game-30.png, id=190, 451.6875pt x 451.6875pt>
File: images/v2-exp40-py-r4-Game-30.png Graphic file (type png)

<use images/v2-exp40-py-r4-Game-30.png>
Package pdftex.def Info: images/v2-exp40-py-r4-Game-30.png used on input line 6
4.
(pdftex.def)             Requested size: 187.89914pt x 187.90169pt.

<images/v2-exp40-py-r4-Game-31.png, id=191, 451.6875pt x 451.6875pt>
File: images/v2-exp40-py-r4-Game-31.png Graphic file (type png)

<use images/v2-exp40-py-r4-Game-31.png>
Package pdftex.def Info: images/v2-exp40-py-r4-Game-31.png used on input line 6
4.
(pdftex.def)             Requested size: 187.89914pt x 187.90169pt.

<images/v2-exp40-py-r4-Game-43.png, id=192, 451.6875pt x 451.6875pt>
File: images/v2-exp40-py-r4-Game-43.png Graphic file (type png)

<use images/v2-exp40-py-r4-Game-43.png>
Package pdftex.def Info: images/v2-exp40-py-r4-Game-43.png used on input line 6
9.
(pdftex.def)             Requested size: 187.89914pt x 187.90169pt.
) (./v3.tex
<images/v3-exp26-Run-4.png, id=193, 1003.75pt x 602.25pt>
File: images/v3-exp26-Run-4.png Graphic file (type png)

<use images/v3-exp26-Run-4.png>
Package pdftex.def Info: images/v3-exp26-Run-4.png used on input line 9.
(pdftex.def)             Requested size: 328.82707pt x 197.30034pt.

<images/v3-exp27-Run-3.png, id=194, 1003.75pt x 602.25pt>
File: images/v3-exp27-Run-3.png Graphic file (type png)

<use images/v3-exp27-Run-3.png>
Package pdftex.def Info: images/v3-exp27-Run-3.png used on input line 14.
(pdftex.def)             Requested size: 328.82707pt x 197.30034pt.

<images/v3-exp47-Run-2.png, id=195, 1003.75pt x 602.25pt>
File: images/v3-exp47-Run-2.png Graphic file (type png)

<use images/v3-exp47-Run-2.png>
Package pdftex.def Info: images/v3-exp47-Run-2.png used on input line 27.
(pdftex.def)             Requested size: 328.82707pt x 197.30034pt.

<images/v3-exp47-Run-4.png, id=196, 1003.75pt x 602.25pt>
File: images/v3-exp47-Run-4.png Graphic file (type png)

<use images/v3-exp47-Run-4.png>
Package pdftex.def Info: images/v3-exp47-Run-4.png used on input line 32.
(pdftex.def)             Requested size: 328.82707pt x 197.30034pt.


Package Fancyhdr Warning: \headheight is too small (12.0pt): 
 Make it at least 14.49998pt.
 We now make it that large for the rest of the document.
 This may cause the page layout to be inconsistent, however.

[37 <./images/V2-exp30-r2-Game-152.png (PNG copy)> <./images/V2-exp30-r2-Game-3
62.png (PNG copy)>]

Package Fancyhdr Warning: \headheight is too small (12.0pt): 
 Make it at least 14.49998pt.
 We now make it that large for the rest of the document.
 This may cause the page layout to be inconsistent, however.

[38 <./images/v2-exp40-py-r4-Game-30.png (PNG copy)> <./images/v2-exp40-py-r4-G
ame-31.png (PNG copy)> <./images/v2-exp40-py-r4-Game-43.png (PNG copy)>]

Package Fancyhdr Warning: \headheight is too small (12.0pt): 
 Make it at least 14.49998pt.
 We now make it that large for the rest of the document.
 This may cause the page layout to be inconsistent, however.

[39]

Package Fancyhdr Warning: \headheight is too small (12.0pt): 
 Make it at least 14.49998pt.
 We now make it that large for the rest of the document.
 This may cause the page layout to be inconsistent, however.

[40 <./images/v3-exp26-Run-4.png> <./images/v3-exp27-Run-3.png>]

Package Fancyhdr Warning: \headheight is too small (12.0pt): 
 Make it at least 14.49998pt.
 We now make it that large for the rest of the document.
 This may cause the page layout to be inconsistent, however.

[41 <./images/v3-exp47-Run-2.png> <./images/v3-exp47-Run-4.png>]
<images/v3-exp47-r4-Game-24.png, id=216, 451.6875pt x 451.6875pt>
File: images/v3-exp47-r4-Game-24.png Graphic file (type png)

<use images/v3-exp47-r4-Game-24.png>
Package pdftex.def Info: images/v3-exp47-r4-Game-24.png used on input line 45.
(pdftex.def)             Requested size: 187.89914pt x 187.90169pt.

<images/v3-exp47-r4-Game-33.png, id=217, 451.6875pt x 451.6875pt>
File: images/v3-exp47-r4-Game-33.png Graphic file (type png)

<use images/v3-exp47-r4-Game-33.png>
Package pdftex.def Info: images/v3-exp47-r4-Game-33.png used on input line 50.
(pdftex.def)             Requested size: 187.89914pt x 187.90169pt.

<images/v3-exp47-r4-Game-45.png, id=218, 451.6875pt x 451.6875pt>
File: images/v3-exp47-r4-Game-45.png Graphic file (type png)

<use images/v3-exp47-r4-Game-45.png>
Package pdftex.def Info: images/v3-exp47-r4-Game-45.png used on input line 56.
(pdftex.def)             Requested size: 187.89914pt x 187.90169pt.

<images/v3-exp47-r4-interesting-Game-91.png, id=219, 451.6875pt x 451.6875pt>
File: images/v3-exp47-r4-interesting-Game-91.png Graphic file (type png)

<use images/v3-exp47-r4-interesting-Game-91.png>
Package pdftex.def Info: images/v3-exp47-r4-interesting-Game-91.png used on inp
ut line 61.
(pdftex.def)             Requested size: 187.89914pt x 187.90169pt.

<images/v3-exp47-r4-1-Game-327.png, id=220, 451.6875pt x 451.6875pt>
File: images/v3-exp47-r4-1-Game-327.png Graphic file (type png)

<use images/v3-exp47-r4-1-Game-327.png>
Package pdftex.def Info: images/v3-exp47-r4-1-Game-327.png used on input line 7
3.
(pdftex.def)             Requested size: 187.89914pt x 187.90169pt.

<images/v3-exp47-r4-1-Game-328.png, id=221, 451.6875pt x 451.6875pt>
File: images/v3-exp47-r4-1-Game-328.png Graphic file (type png)

<use images/v3-exp47-r4-1-Game-328.png>
Package pdftex.def Info: images/v3-exp47-r4-1-Game-328.png used on input line 7
8.
(pdftex.def)             Requested size: 187.89914pt x 187.90169pt.

<images/v3-exp47-r4-1-Game-329.png, id=222, 451.6875pt x 451.6875pt>
File: images/v3-exp47-r4-1-Game-329.png Graphic file (type png)

<use images/v3-exp47-r4-1-Game-329.png>
Package pdftex.def Info: images/v3-exp47-r4-1-Game-329.png used on input line 8
4.
(pdftex.def)             Requested size: 187.89914pt x 187.90169pt.

<images/v3-exp47-r4-1-Game-330.png, id=223, 451.6875pt x 451.6875pt>
File: images/v3-exp47-r4-1-Game-330.png Graphic file (type png)

<use images/v3-exp47-r4-1-Game-330.png>
Package pdftex.def Info: images/v3-exp47-r4-1-Game-330.png used on input line 8
9.
(pdftex.def)             Requested size: 187.89914pt x 187.90169pt.


LaTeX Warning: Reference `fig:v2-pred-better-graphs' on page 42 undefined on in
put line 95.

))

Package Fancyhdr Warning: \headheight is too small (12.0pt): 
 Make it at least 14.49998pt.
 We now make it that large for the rest of the document.
 This may cause the page layout to be inconsistent, however.

[42]

Package Fancyhdr Warning: \headheight is too small (12.0pt): 
 Make it at least 14.49998pt.
 We now make it that large for the rest of the document.
 This may cause the page layout to be inconsistent, however.

[43 <./images/v3-exp47-r4-Game-24.png (PNG copy)> <./images/v3-exp47-r4-Game-33
.png (PNG copy)> <./images/v3-exp47-r4-Game-45.png (PNG copy)> <./images/v3-exp
47-r4-interesting-Game-91.png (PNG copy)>]

Package Fancyhdr Warning: \headheight is too small (12.0pt): 
 Make it at least 14.49998pt.
 We now make it that large for the rest of the document.
 This may cause the page layout to be inconsistent, however.

[44 <./images/v3-exp47-r4-1-Game-327.png (PNG copy)> <./images/v3-exp47-r4-1-Ga
me-328.png (PNG copy)> <./images/v3-exp47-r4-1-Game-329.png (PNG copy)> <./imag
es/v3-exp47-r4-1-Game-330.png (PNG copy)>]

Package Fancyhdr Warning: \headheight is too small (12.0pt): 
 Make it at least 14.49998pt.
 We now make it that large for the rest of the document.
 This may cause the page layout to be inconsistent, however.

[45] (./conclusion.tex)

Package Fancyhdr Warning: \headheight is too small (12.0pt): 
 Make it at least 14.49998pt.
 We now make it that large for the rest of the document.
 This may cause the page layout to be inconsistent, however.

[46] (./futurework.tex)

Package Fancyhdr Warning: \headheight is too small (12.0pt): 
 Make it at least 14.49998pt.
 We now make it that large for the rest of the document.
 This may cause the page layout to be inconsistent, however.

[47]

Package Fancyhdr Warning: \headheight is too small (12.0pt): 
 Make it at least 14.49998pt.
 We now make it that large for the rest of the document.
 This may cause the page layout to be inconsistent, however.

[48] (./references.tex
Underfull \hbox (badness 10000) in paragraph at lines 19--20
[]\OT1/cmr/m/n/12 Apache Com-mons: Com-mons Math, $\OT1/cmtt/m/n/12 http : / / 
commons . apache . org / proper /
 []

)

Package Fancyhdr Warning: \headheight is too small (12.0pt): 
 Make it at least 14.49998pt.
 We now make it that large for the rest of the document.
 This may cause the page layout to be inconsistent, however.

[49] (./main.aux)

LaTeX Warning: There were undefined references.

 ) 
Here is how much of TeX's memory you used:
 7268 strings out of 493014
 110811 string characters out of 6133351
 206695 words of memory out of 5000000
 10585 multiletter control sequences out of 15000+600000
 11724 words of font info for 42 fonts, out of 8000000 for 9000
 1141 hyphenation exceptions out of 8191
 38i,12n,43p,1288b,499s stack positions out of 5000i,500n,10000p,200000b,80000s
</usr/local/texlive/2016/texmf-dist/fonts/type1/public/amsfonts/cm/cmbx10.pfb
></usr/local/texlive/2016/texmf-dist/fonts/type1/public/amsfonts/cm/cmbx12.pfb>
</usr/local/texlive/2016/texmf-dist/fonts/type1/public/amsfonts/cm/cmbxti10.pfb
></usr/local/texlive/2016/texmf-dist/fonts/type1/public/amsfonts/cm/cmex10.pfb>
</usr/local/texlive/2016/texmf-dist/fonts/type1/public/amsfonts/cm/cmmi10.pfb><
/usr/local/texlive/2016/texmf-dist/fonts/type1/public/amsfonts/cm/cmmi12.pfb></
usr/local/texlive/2016/texmf-dist/fonts/type1/public/amsfonts/cm/cmmi6.pfb></us
r/local/texlive/2016/texmf-dist/fonts/type1/public/amsfonts/cm/cmmi8.pfb></usr/
local/texlive/2016/texmf-dist/fonts/type1/public/amsfonts/cm/cmr10.pfb></usr/lo
cal/texlive/2016/texmf-dist/fonts/type1/public/amsfonts/cm/cmr12.pfb></usr/loca
l/texlive/2016/texmf-dist/fonts/type1/public/amsfonts/cm/cmr6.pfb></usr/local/t
exlive/2016/texmf-dist/fonts/type1/public/amsfonts/cm/cmr8.pfb></usr/local/texl
ive/2016/texmf-dist/fonts/type1/public/amsfonts/cm/cmsy10.pfb></usr/local/texli
ve/2016/texmf-dist/fonts/type1/public/amsfonts/cm/cmsy8.pfb></usr/local/texlive
/2016/texmf-dist/fonts/type1/public/amsfonts/cm/cmti12.pfb></usr/local/texlive/
2016/texmf-dist/fonts/type1/public/amsfonts/cm/cmtt12.pfb>
Output written on ./main.pdf (50 pages, 1673673 bytes).
PDF statistics:
 305 PDF objects out of 1000 (max. 8388607)
 162 compressed objects within 2 object streams
 0 named destinations out of 1000 (max. 500000)
 241 words of extra memory for PDF output out of 10000 (max. 10000000)

